# JRE version: Java(TM) SE Runtime Environment (8.0_202-b08) (build 1.8.0_202-b08)
# Java VM: Java HotSpot(TM) 64-Bit Server VM (25.202-b08 mixed mode windows-amd64 compressed oops)
Heap:
 PSYoungGen      total 475648K, used 87646K [0x000000076b580000, 0x0000000792a00000, 0x00000007c0000000)
  eden space 453632K, 19% used [0x000000076b580000,0x0000000770b17a68,0x0000000787080000)
  from space 22016K, 0% used [0x0000000787080000,0x0000000787080000,0x0000000788600000)
  to   space 20992K, 0% used [0x0000000791580000,0x0000000791580000,0x0000000792a00000)
 ParOldGen       total 203264K, used 43664K [0x00000006c2000000, 0x00000006ce680000, 0x000000076b580000)
  object space 203264K, 21% used [0x00000006c2000000,0x00000006c4aa4350,0x00000006ce680000)
 Metaspace       used 60703K, capacity 63944K, committed 64256K, reserved 1105920K
  class space    used 7779K, capacity 8351K, committed 8448K, reserved 1048576K
GC Heap History (10 events):
Event: 2.425 GC heap before
{Heap before GC invocations=10 (full 2):
 PSYoungGen      total 226816K, used 211968K [0x000000076b580000, 0x0000000782480000, 0x00000007c0000000)
  eden space 211968K, 100% used [0x000000076b580000,0x0000000778480000,0x0000000778480000)
  from space 14848K, 0% used [0x0000000778480000,0x0000000778480000,0x0000000779300000)
  to   space 15360K, 0% used [0x0000000781580000,0x0000000781580000,0x0000000782480000)
 ParOldGen       total 139776K, used 20605K [0x00000006c2000000, 0x00000006ca880000, 0x000000076b580000)
  object space 139776K, 14% used [0x00000006c2000000,0x00000006c341f5c0,0x00000006ca880000)
 Metaspace       used 36660K, capacity 38154K, committed 38272K, reserved 1083392K
  class space    used 4861K, capacity 5171K, committed 5248K, reserved 1048576K
Event: 2.428 GC heap after
Heap after GC invocations=10 (full 2):
 PSYoungGen      total 334848K, used 4110K [0x000000076b580000, 0x0000000781a00000, 0x00000007c0000000)
  eden space 330240K, 0% used [0x000000076b580000,0x000000076b580000,0x000000077f800000)
  from space 4608K, 89% used [0x0000000781580000,0x0000000781983828,0x0000000781a00000)
  to   space 15872K, 0% used [0x000000077fb00000,0x000000077fb00000,0x0000000780a80000)
 ParOldGen       total 139776K, used 20613K [0x00000006c2000000, 0x00000006ca880000, 0x000000076b580000)
  object space 139776K, 14% used [0x00000006c2000000,0x00000006c34215c0,0x00000006ca880000)
 Metaspace       used 36660K, capacity 38154K, committed 38272K, reserved 1083392K
  class space    used 4861K, capacity 5171K, committed 5248K, reserved 1048576K
}
Event: 2.770 GC heap before
{Heap before GC invocations=11 (full 2):
 PSYoungGen      total 334848K, used 334350K [0x000000076b580000, 0x0000000781a00000, 0x00000007c0000000)
  eden space 330240K, 100% used [0x000000076b580000,0x000000077f800000,0x000000077f800000)
  from space 4608K, 89% used [0x0000000781580000,0x0000000781983828,0x0000000781a00000)
  to   space 15872K, 0% used [0x000000077fb00000,0x000000077fb00000,0x0000000780a80000)
 ParOldGen       total 139776K, used 20613K [0x00000006c2000000, 0x00000006ca880000, 0x000000076b580000)
  object space 139776K, 14% used [0x00000006c2000000,0x00000006c34215c0,0x00000006ca880000)
 Metaspace       used 37534K, capacity 38994K, committed 39296K, reserved 1083392K
  class space    used 4916K, capacity 5209K, committed 5248K, reserved 1048576K
Event: 2.806 GC heap after
Heap after GC invocations=11 (full 2):
 PSYoungGen      total 349184K, used 8832K [0x000000076b580000, 0x0000000789480000, 0x00000007c0000000)
  eden space 333312K, 0% used [0x000000076b580000,0x000000076b580000,0x000000077fb00000)
  from space 15872K, 55% used [0x000000077fb00000,0x00000007803a0090,0x0000000780a80000)
  to   space 14848K, 0% used [0x0000000788600000,0x0000000788600000,0x0000000789480000)
 ParOldGen       total 139776K, used 20621K [0x00000006c2000000, 0x00000006ca880000, 0x000000076b580000)
  object space 139776K, 14% used [0x00000006c2000000,0x00000006c34235c0,0x00000006ca880000)
 Metaspace       used 37534K, capacity 38994K, committed 39296K, reserved 1083392K
  class space    used 4916K, capacity 5209K, committed 5248K, reserved 1048576K
}
Event: 4.154 GC heap before
{Heap before GC invocations=12 (full 2):
 PSYoungGen      total 349184K, used 342144K [0x000000076b580000, 0x0000000789480000, 0x00000007c0000000)
  eden space 333312K, 100% used [0x000000076b580000,0x000000077fb00000,0x000000077fb00000)
  from space 15872K, 55% used [0x000000077fb00000,0x00000007803a0090,0x0000000780a80000)
  to   space 14848K, 0% used [0x0000000788600000,0x0000000788600000,0x0000000789480000)
 ParOldGen       total 139776K, used 20621K [0x00000006c2000000, 0x00000006ca880000, 0x000000076b580000)
  object space 139776K, 14% used [0x00000006c2000000,0x00000006c34235c0,0x00000006ca880000)
 Metaspace       used 50576K, capacity 53354K, committed 53632K, reserved 1095680K
  class space    used 6510K, capacity 7011K, committed 7040K, reserved 1048576K
Event: 4.169 GC heap after
Heap after GC invocations=12 (full 2):
 PSYoungGen      total 468480K, used 14819K [0x000000076b580000, 0x0000000789d00000, 0x00000007c0000000)
  eden space 453632K, 0% used [0x000000076b580000,0x000000076b580000,0x0000000787080000)
  from space 14848K, 99% used [0x0000000788600000,0x0000000789478c88,0x0000000789480000)
  to   space 22016K, 0% used [0x0000000787080000,0x0000000787080000,0x0000000788600000)
 ParOldGen       total 139776K, used 35361K [0x00000006c2000000, 0x00000006ca880000, 0x000000076b580000)
  object space 139776K, 25% used [0x00000006c2000000,0x00000006c42885b0,0x00000006ca880000)
 Metaspace       used 50576K, capacity 53354K, committed 53632K, reserved 1095680K
  class space    used 6510K, capacity 7011K, committed 7040K, reserved 1048576K
}
Event: 9.701 GC heap before
{Heap before GC invocations=13 (full 2):
 PSYoungGen      total 468480K, used 204377K [0x000000076b580000, 0x0000000789d00000, 0x00000007c0000000)
  eden space 453632K, 41% used [0x000000076b580000,0x0000000776e9d8b0,0x0000000787080000)
  from space 14848K, 99% used [0x0000000788600000,0x0000000789478c88,0x0000000789480000)
  to   space 22016K, 0% used [0x0000000787080000,0x0000000787080000,0x0000000788600000)
 ParOldGen       total 139776K, used 35361K [0x00000006c2000000, 0x00000006ca880000, 0x000000076b580000)
  object space 139776K, 25% used [0x00000006c2000000,0x00000006c42885b0,0x00000006ca880000)
 Metaspace       used 56093K, capacity 59148K, committed 59160K, reserved 1101824K
  class space    used 7262K, capacity 7803K, committed 7808K, reserved 1048576K
Event: 9.715 GC heap after
Heap after GC invocations=13 (full 2):
 PSYoungGen      total 475648K, used 9801K [0x000000076b580000, 0x0000000792a00000, 0x00000007c0000000)
  eden space 453632K, 0% used [0x000000076b580000,0x000000076b580000,0x0000000787080000)
  from space 22016K, 44% used [0x0000000787080000,0x0000000787a12508,0x0000000788600000)
  to   space 20992K, 0% used [0x0000000791580000,0x0000000791580000,0x0000000792a00000)
 ParOldGen       total 139776K, used 49552K [0x00000006c2000000, 0x00000006ca880000, 0x000000076b580000)
  object space 139776K, 35% used [0x00000006c2000000,0x00000006c5064338,0x00000006ca880000)
 Metaspace       used 56093K, capacity 59148K, committed 59160K, reserved 1101824K
  class space    used 7262K, capacity 7803K, committed 7808K, reserved 1048576K
}
Event: 9.715 GC heap before
{Heap before GC invocations=14 (full 3):
 PSYoungGen      total 475648K, used 9801K [0x000000076b580000, 0x0000000792a00000, 0x00000007c0000000)
  eden space 453632K, 0% used [0x000000076b580000,0x000000076b580000,0x0000000787080000)
  from space 22016K, 44% used [0x0000000787080000,0x0000000787a12508,0x0000000788600000)
  to   space 20992K, 0% used [0x0000000791580000,0x0000000791580000,0x0000000792a00000)
 ParOldGen       total 139776K, used 49552K [0x00000006c2000000, 0x00000006ca880000, 0x000000076b580000)
  object space 139776K, 35% used [0x00000006c2000000,0x00000006c5064338,0x00000006ca880000)
 Metaspace       used 56093K, capacity 59148K, committed 59160K, reserved 1101824K
  class space    used 7262K, capacity 7803K, committed 7808K, reserved 1048576K
Event: 9.840 GC heap after
Heap after GC invocations=14 (full 3):
 PSYoungGen      total 475648K, used 0K [0x000000076b580000, 0x0000000792a00000, 0x00000007c0000000)
  eden space 453632K, 0% used [0x000000076b580000,0x000000076b580000,0x0000000787080000)
  from space 22016K, 0% used [0x0000000787080000,0x0000000787080000,0x0000000788600000)
  to   space 20992K, 0% used [0x0000000791580000,0x0000000791580000,0x0000000792a00000)
 ParOldGen       total 203264K, used 43664K [0x00000006c2000000, 0x00000006ce680000, 0x000000076b580000)
  object space 203264K, 21% used [0x00000006c2000000,0x00000006c4aa4350,0x00000006ce680000)
 Metaspace       used 56093K, capacity 59148K, committed 59160K, reserved 1101824K
  class space    used 7262K, capacity 7803K, committed 7808K, reserved 1048576K
}

