# JRE version: Java(TM) SE Runtime Environment (8.0_202-b08) (build 1.8.0_202-b08)
# Java VM: Java HotSpot(TM) 64-Bit Server VM (25.202-b08 mixed mode windows-amd64 compressed oops)
Heap:
 PSYoungGen      total 397824K, used 203572K [0x000000076b580000, 0x0000000787680000, 0x00000007c0000000)
  eden space 382464K, 49% used [0x000000076b580000,0x0000000776d544c8,0x0000000782b00000)
  from space 15360K, 99% used [0x0000000784000000,0x0000000784ef8ec0,0x0000000784f00000)
  to   space 21504K, 95% used [0x0000000782b00000,0x0000000783f28ee0,0x0000000784000000)
 ParOldGen       total 150016K, used 33388K [0x00000006c2000000, 0x00000006cb280000, 0x000000076b580000)
  object space 150016K, 22% used [0x00000006c2000000,0x00000006c409b3b8,0x00000006cb280000)
 Metaspace       used 56040K, capacity 59099K, committed 59160K, reserved 1101824K
  class space    used 7274K, capacity 7808K, committed 7808K, reserved 1048576K
GC Heap History (10 events):
Event: 2.127 GC heap after
Heap after GC invocations=8 (full 1):
 PSYoungGen      total 230400K, used 11801K [0x000000076b580000, 0x0000000782980000, 0x00000007c0000000)
  eden space 215552K, 0% used [0x000000076b580000,0x000000076b580000,0x0000000778800000)
  from space 14848K, 79% used [0x0000000778800000,0x0000000779386570,0x0000000779680000)
  to   space 14848K, 0% used [0x0000000781b00000,0x0000000781b00000,0x0000000782980000)
 ParOldGen       total 95744K, used 9933K [0x00000006c2000000, 0x00000006c7d80000, 0x000000076b580000)
  object space 95744K, 10% used [0x00000006c2000000,0x00000006c29b3508,0x00000006c7d80000)
 Metaspace       used 34022K, capacity 35392K, committed 35496K, reserved 1079296K
  class space    used 4513K, capacity 4800K, committed 4864K, reserved 1048576K
}
Event: 2.127 GC heap before
{Heap before GC invocations=9 (full 2):
 PSYoungGen      total 230400K, used 11801K [0x000000076b580000, 0x0000000782980000, 0x00000007c0000000)
  eden space 215552K, 0% used [0x000000076b580000,0x000000076b580000,0x0000000778800000)
  from space 14848K, 79% used [0x0000000778800000,0x0000000779386570,0x0000000779680000)
  to   space 14848K, 0% used [0x0000000781b00000,0x0000000781b00000,0x0000000782980000)
 ParOldGen       total 95744K, used 9933K [0x00000006c2000000, 0x00000006c7d80000, 0x000000076b580000)
  object space 95744K, 10% used [0x00000006c2000000,0x00000006c29b3508,0x00000006c7d80000)
 Metaspace       used 34022K, capacity 35392K, committed 35496K, reserved 1079296K
  class space    used 4513K, capacity 4800K, committed 4864K, reserved 1048576K
Event: 2.187 GC heap after
Heap after GC invocations=9 (full 2):
 PSYoungGen      total 230400K, used 0K [0x000000076b580000, 0x0000000782980000, 0x00000007c0000000)
  eden space 215552K, 0% used [0x000000076b580000,0x000000076b580000,0x0000000778800000)
  from space 14848K, 0% used [0x0000000778800000,0x0000000778800000,0x0000000779680000)
  to   space 14848K, 0% used [0x0000000781b00000,0x0000000781b00000,0x0000000782980000)
 ParOldGen       total 150016K, used 20289K [0x00000006c2000000, 0x00000006cb280000, 0x000000076b580000)
  object space 150016K, 13% used [0x00000006c2000000,0x00000006c33d0758,0x00000006cb280000)
 Metaspace       used 34022K, capacity 35392K, committed 35496K, reserved 1079296K
  class space    used 4513K, capacity 4800K, committed 4864K, reserved 1048576K
}
Event: 2.524 GC heap before
{Heap before GC invocations=10 (full 2):
 PSYoungGen      total 230400K, used 215552K [0x000000076b580000, 0x0000000782980000, 0x00000007c0000000)
  eden space 215552K, 100% used [0x000000076b580000,0x0000000778800000,0x0000000778800000)
  from space 14848K, 0% used [0x0000000778800000,0x0000000778800000,0x0000000779680000)
  to   space 14848K, 0% used [0x0000000781b00000,0x0000000781b00000,0x0000000782980000)
 ParOldGen       total 150016K, used 20289K [0x00000006c2000000, 0x00000006cb280000, 0x000000076b580000)
  object space 150016K, 13% used [0x00000006c2000000,0x00000006c33d0758,0x00000006cb280000)
 Metaspace       used 36590K, capacity 38050K, committed 38272K, reserved 1083392K
  class space    used 4855K, capacity 5139K, committed 5248K, reserved 1048576K
Event: 2.529 GC heap after
Heap after GC invocations=10 (full 2):
 PSYoungGen      total 314880K, used 4176K [0x000000076b580000, 0x0000000781f80000, 0x00000007c0000000)
  eden space 310272K, 0% used [0x000000076b580000,0x000000076b580000,0x000000077e480000)
  from space 4608K, 90% used [0x0000000781b00000,0x0000000781f140b0,0x0000000781f80000)
  to   space 15872K, 0% used [0x0000000780080000,0x0000000780080000,0x0000000781000000)
 ParOldGen       total 150016K, used 20297K [0x00000006c2000000, 0x00000006cb280000, 0x000000076b580000)
  object space 150016K, 13% used [0x00000006c2000000,0x00000006c33d2758,0x00000006cb280000)
 Metaspace       used 36590K, capacity 38050K, committed 38272K, reserved 1083392K
  class space    used 4855K, capacity 5139K, committed 5248K, reserved 1048576K
}
Event: 2.856 GC heap before
{Heap before GC invocations=11 (full 2):
 PSYoungGen      total 314880K, used 314448K [0x000000076b580000, 0x0000000781f80000, 0x00000007c0000000)
  eden space 310272K, 100% used [0x000000076b580000,0x000000077e480000,0x000000077e480000)
  from space 4608K, 90% used [0x0000000781b00000,0x0000000781f140b0,0x0000000781f80000)
  to   space 15872K, 0% used [0x0000000780080000,0x0000000780080000,0x0000000781000000)
 ParOldGen       total 150016K, used 20297K [0x00000006c2000000, 0x00000006cb280000, 0x000000076b580000)
  object space 150016K, 13% used [0x00000006c2000000,0x00000006c33d2758,0x00000006cb280000)
 Metaspace       used 37324K, capacity 38778K, committed 39040K, reserved 1083392K
  class space    used 4894K, capacity 5207K, committed 5248K, reserved 1048576K
Event: 2.863 GC heap after
Heap after GC invocations=11 (full 2):
 PSYoungGen      total 354816K, used 8416K [0x000000076b580000, 0x0000000784f00000, 0x00000007c0000000)
  eden space 338944K, 0% used [0x000000076b580000,0x000000076b580000,0x0000000780080000)
  from space 15872K, 53% used [0x0000000780080000,0x00000007808b8090,0x0000000781000000)
  to   space 15360K, 0% used [0x0000000784000000,0x0000000784000000,0x0000000784f00000)
 ParOldGen       total 150016K, used 20305K [0x00000006c2000000, 0x00000006cb280000, 0x000000076b580000)
  object space 150016K, 13% used [0x00000006c2000000,0x00000006c33d4758,0x00000006cb280000)
 Metaspace       used 37324K, capacity 38778K, committed 39040K, reserved 1083392K
  class space    used 4894K, capacity 5207K, committed 5248K, reserved 1048576K
}
Event: 4.297 GC heap before
{Heap before GC invocations=12 (full 2):
 PSYoungGen      total 354816K, used 347360K [0x000000076b580000, 0x0000000784f00000, 0x00000007c0000000)
  eden space 338944K, 100% used [0x000000076b580000,0x0000000780080000,0x0000000780080000)
  from space 15872K, 53% used [0x0000000780080000,0x00000007808b8090,0x0000000781000000)
  to   space 15360K, 0% used [0x0000000784000000,0x0000000784000000,0x0000000784f00000)
 ParOldGen       total 150016K, used 20305K [0x00000006c2000000, 0x00000006cb280000, 0x000000076b580000)
  object space 150016K, 13% used [0x00000006c2000000,0x00000006c33d4758,0x00000006cb280000)
 Metaspace       used 50057K, capacity 52800K, committed 53120K, reserved 1095680K
  class space    used 6460K, capacity 6942K, committed 7040K, reserved 1048576K
Event: 4.313 GC heap after
Heap after GC invocations=12 (full 2):
 PSYoungGen      total 397824K, used 15331K [0x000000076b580000, 0x0000000787680000, 0x00000007c0000000)
  eden space 382464K, 0% used [0x000000076b580000,0x000000076b580000,0x0000000782b00000)
  from space 15360K, 99% used [0x0000000784000000,0x0000000784ef8ec0,0x0000000784f00000)
  to   space 21504K, 0% used [0x0000000782b00000,0x0000000782b00000,0x0000000784000000)
 ParOldGen       total 150016K, used 33353K [0x00000006c2000000, 0x00000006cb280000, 0x000000076b580000)
  object space 150016K, 22% used [0x00000006c2000000,0x00000006c4092768,0x00000006cb280000)
 Metaspace       used 50057K, capacity 52800K, committed 53120K, reserved 1095680K
  class space    used 6460K, capacity 6942K, committed 7040K, reserved 1048576K
}
Event: 9.678 GC heap before
{Heap before GC invocations=13 (full 2):
 PSYoungGen      total 397824K, used 203572K [0x000000076b580000, 0x0000000787680000, 0x00000007c0000000)
  eden space 382464K, 49% used [0x000000076b580000,0x0000000776d544c8,0x0000000782b00000)
  from space 15360K, 99% used [0x0000000784000000,0x0000000784ef8ec0,0x0000000784f00000)
  to   space 21504K, 0% used [0x0000000782b00000,0x0000000782b00000,0x0000000784000000)
 ParOldGen       total 150016K, used 33353K [0x00000006c2000000, 0x00000006cb280000, 0x000000076b580000)
  object space 150016K, 22% used [0x00000006c2000000,0x00000006c4092768,0x00000006cb280000)
 Metaspace       used 56040K, capacity 59099K, committed 59160K, reserved 1101824K
  class space    used 7274K, capacity 7808K, committed 7808K, reserved 1048576K

