# JRE version: Java(TM) SE Runtime Environment (8.0_202-b08) (build 1.8.0_202-b08)
# Java VM: Java HotSpot(TM) 64-Bit Server VM (25.202-b08 mixed mode windows-amd64 compressed oops)
Heap:
 PSYoungGen      total 557568K, used 150166K [0x000000076b580000, 0x000000078f580000, 0x00000007c0000000)
  eden space 540160K, 24% used [0x000000076b580000,0x0000000773729e00,0x000000078c500000)
  from space 17408K, 99% used [0x000000078e480000,0x000000078f57ba70,0x000000078f580000)
  to   space 20992K, 0% used [0x000000078cc80000,0x000000078cc80000,0x000000078e100000)
 ParOldGen       total 146944K, used 19886K [0x00000006c2000000, 0x00000006caf80000, 0x000000076b580000)
  object space 146944K, 13% used [0x00000006c2000000,0x00000006c336b970,0x00000006caf80000)
 Metaspace       used 48637K, capacity 51198K, committed 51328K, reserved 1093632K
  class space    used 6255K, capacity 6725K, committed 6784K, reserved 1048576K
GC Heap History (10 events):
Event: 2.220 GC heap before
{Heap before GC invocations=6 (full 1):
 PSYoungGen      total 227328K, used 227317K [0x000000076b580000, 0x000000077c880000, 0x00000007c0000000)
  eden space 216576K, 100% used [0x000000076b580000,0x0000000778900000,0x0000000778900000)
  from space 10752K, 99% used [0x000000077be00000,0x000000077c87d650,0x000000077c880000)
  to   space 10752K, 0% used [0x000000077b380000,0x000000077b380000,0x000000077be00000)
 ParOldGen       total 102912K, used 13065K [0x00000006c2000000, 0x00000006c8480000, 0x000000076b580000)
  object space 102912K, 12% used [0x00000006c2000000,0x00000006c2cc2760,0x00000006c8480000)
 Metaspace       used 32921K, capacity 34312K, committed 34432K, reserved 1079296K
  class space    used 4404K, capacity 4696K, committed 4736K, reserved 1048576K
Event: 2.240 GC heap after
Heap after GC invocations=6 (full 1):
 PSYoungGen      total 270848K, used 10747K [0x000000076b580000, 0x0000000783480000, 0x00000007c0000000)
  eden space 260096K, 0% used [0x000000076b580000,0x000000076b580000,0x000000077b380000)
  from space 10752K, 99% used [0x000000077b380000,0x000000077bdfefd8,0x000000077be00000)
  to   space 18432K, 0% used [0x0000000782280000,0x0000000782280000,0x0000000783480000)
 ParOldGen       total 102912K, used 18764K [0x00000006c2000000, 0x00000006c8480000, 0x000000076b580000)
  object space 102912K, 18% used [0x00000006c2000000,0x00000006c32533b8,0x00000006c8480000)
 Metaspace       used 32921K, capacity 34312K, committed 34432K, reserved 1079296K
  class space    used 4404K, capacity 4696K, committed 4736K, reserved 1048576K
}
Event: 2.323 GC heap before
{Heap before GC invocations=7 (full 1):
 PSYoungGen      total 270848K, used 71952K [0x000000076b580000, 0x0000000783480000, 0x00000007c0000000)
  eden space 260096K, 23% used [0x000000076b580000,0x000000076f145400,0x000000077b380000)
  from space 10752K, 99% used [0x000000077b380000,0x000000077bdfefd8,0x000000077be00000)
  to   space 18432K, 0% used [0x0000000782280000,0x0000000782280000,0x0000000783480000)
 ParOldGen       total 102912K, used 18764K [0x00000006c2000000, 0x00000006c8480000, 0x000000076b580000)
  object space 102912K, 18% used [0x00000006c2000000,0x00000006c32533b8,0x00000006c8480000)
 Metaspace       used 34032K, capacity 35404K, committed 35496K, reserved 1079296K
  class space    used 4515K, capacity 4800K, committed 4864K, reserved 1048576K
Event: 2.332 GC heap after
Heap after GC invocations=7 (full 1):
 PSYoungGen      total 374784K, used 9223K [0x000000076b580000, 0x0000000788a80000, 0x00000007c0000000)
  eden space 356352K, 0% used [0x000000076b580000,0x000000076b580000,0x0000000781180000)
  from space 18432K, 50% used [0x0000000782280000,0x0000000782b81cc0,0x0000000783480000)
  to   space 17408K, 0% used [0x0000000781180000,0x0000000781180000,0x0000000782280000)
 ParOldGen       total 102912K, used 18772K [0x00000006c2000000, 0x00000006c8480000, 0x000000076b580000)
  object space 102912K, 18% used [0x00000006c2000000,0x00000006c32553b8,0x00000006c8480000)
 Metaspace       used 34032K, capacity 35404K, committed 35496K, reserved 1079296K
  class space    used 4515K, capacity 4800K, committed 4864K, reserved 1048576K
}
Event: 2.332 GC heap before
{Heap before GC invocations=8 (full 2):
 PSYoungGen      total 374784K, used 9223K [0x000000076b580000, 0x0000000788a80000, 0x00000007c0000000)
  eden space 356352K, 0% used [0x000000076b580000,0x000000076b580000,0x0000000781180000)
  from space 18432K, 50% used [0x0000000782280000,0x0000000782b81cc0,0x0000000783480000)
  to   space 17408K, 0% used [0x0000000781180000,0x0000000781180000,0x0000000782280000)
 ParOldGen       total 102912K, used 18772K [0x00000006c2000000, 0x00000006c8480000, 0x000000076b580000)
  object space 102912K, 18% used [0x00000006c2000000,0x00000006c32553b8,0x00000006c8480000)
 Metaspace       used 34032K, capacity 35404K, committed 35496K, reserved 1079296K
  class space    used 4515K, capacity 4800K, committed 4864K, reserved 1048576K
Event: 2.391 GC heap after
Heap after GC invocations=8 (full 2):
 PSYoungGen      total 374784K, used 0K [0x000000076b580000, 0x0000000788a80000, 0x00000007c0000000)
  eden space 356352K, 0% used [0x000000076b580000,0x000000076b580000,0x0000000781180000)
  from space 18432K, 0% used [0x0000000782280000,0x0000000782280000,0x0000000783480000)
  to   space 17408K, 0% used [0x0000000781180000,0x0000000781180000,0x0000000782280000)
 ParOldGen       total 146944K, used 17961K [0x00000006c2000000, 0x00000006caf80000, 0x000000076b580000)
  object space 146944K, 12% used [0x00000006c2000000,0x00000006c318a660,0x00000006caf80000)
 Metaspace       used 34032K, capacity 35404K, committed 35496K, reserved 1079296K
  class space    used 4515K, capacity 4800K, committed 4864K, reserved 1048576K
}
Event: 2.880 GC heap before
{Heap before GC invocations=9 (full 2):
 PSYoungGen      total 374784K, used 356352K [0x000000076b580000, 0x0000000788a80000, 0x00000007c0000000)
  eden space 356352K, 100% used [0x000000076b580000,0x0000000781180000,0x0000000781180000)
  from space 18432K, 0% used [0x0000000782280000,0x0000000782280000,0x0000000783480000)
  to   space 17408K, 0% used [0x0000000781180000,0x0000000781180000,0x0000000782280000)
 ParOldGen       total 146944K, used 17961K [0x00000006c2000000, 0x00000006caf80000, 0x000000076b580000)
  object space 146944K, 12% used [0x00000006c2000000,0x00000006c318a660,0x00000006caf80000)
 Metaspace       used 36883K, capacity 38374K, committed 38528K, reserved 1083392K
  class space    used 4875K, capacity 5175K, committed 5248K, reserved 1048576K
Event: 2.891 GC heap after
Heap after GC invocations=9 (full 2):
 PSYoungGen      total 373760K, used 6368K [0x000000076b580000, 0x000000078f580000, 0x00000007c0000000)
  eden space 356352K, 0% used [0x000000076b580000,0x000000076b580000,0x0000000781180000)
  from space 17408K, 36% used [0x0000000781180000,0x00000007817b80a0,0x0000000782280000)
  to   space 17408K, 0% used [0x000000078e480000,0x000000078e480000,0x000000078f580000)
 ParOldGen       total 146944K, used 17969K [0x00000006c2000000, 0x00000006caf80000, 0x000000076b580000)
  object space 146944K, 12% used [0x00000006c2000000,0x00000006c318c660,0x00000006caf80000)
 Metaspace       used 36883K, capacity 38374K, committed 38528K, reserved 1083392K
  class space    used 4875K, capacity 5175K, committed 5248K, reserved 1048576K
}
Event: 3.810 GC heap before
{Heap before GC invocations=10 (full 2):
 PSYoungGen      total 373760K, used 362720K [0x000000076b580000, 0x000000078f580000, 0x00000007c0000000)
  eden space 356352K, 100% used [0x000000076b580000,0x0000000781180000,0x0000000781180000)
  from space 17408K, 36% used [0x0000000781180000,0x00000007817b80a0,0x0000000782280000)
  to   space 17408K, 0% used [0x000000078e480000,0x000000078e480000,0x000000078f580000)
 ParOldGen       total 146944K, used 17969K [0x00000006c2000000, 0x00000006caf80000, 0x000000076b580000)
  object space 146944K, 12% used [0x00000006c2000000,0x00000006c318c660,0x00000006caf80000)
 Metaspace       used 45554K, capacity 47848K, committed 47872K, reserved 1091584K
  class space    used 5936K, capacity 6384K, committed 6400K, reserved 1048576K
Event: 3.825 GC heap after
Heap after GC invocations=10 (full 2):
 PSYoungGen      total 557568K, used 17390K [0x000000076b580000, 0x000000078f580000, 0x00000007c0000000)
  eden space 540160K, 0% used [0x000000076b580000,0x000000076b580000,0x000000078c500000)
  from space 17408K, 99% used [0x000000078e480000,0x000000078f57ba70,0x000000078f580000)
  to   space 20992K, 0% used [0x000000078cc80000,0x000000078cc80000,0x000000078e100000)
 ParOldGen       total 146944K, used 19886K [0x00000006c2000000, 0x00000006caf80000, 0x000000076b580000)
  object space 146944K, 13% used [0x00000006c2000000,0x00000006c336b970,0x00000006caf80000)
 Metaspace       used 45554K, capacity 47848K, committed 47872K, reserved 1091584K
  class space    used 5936K, capacity 6384K, committed 6400K, reserved 1048576K
}

